[14:57:19] [main/INFO]: [OptiFine] (Reflector) Class not present: net.minecraftforge.eventbus.api.Event$Result
[14:57:19] [main/INFO]: [OptiFine] (Reflector) Class not present: net.minecraftforge.common.extensions.IForgeEntity
[14:57:19] [main/INFO]: [OptiFine] (Reflector) Class not present: net.minecraftforge.logging.CrashReportExtender
[14:57:20] [main/INFO]: [OptiFine] (Reflector) Method not present: net.minecraft.tags.ItemTags.createOptional
[14:57:24] [Render thread/INFO]: [OptiFine] (Reflector) Class not present: net.minecraftforge.client.ForgeHooksClient
[14:57:24] [Render thread/INFO]: Environment: authHost='https://authserver.mojang.com', accountsHost='https://api.mojang.com', sessionHost='https://sessionserver.mojang.com', servicesHost='https://api.minecraftservices.com', name='PROD'
[14:57:25] [Render thread/ERROR]: Failed to verify authentication
com.mojang.authlib.exceptions.InvalidCredentialsException: Status: 401
	at com.mojang.authlib.exceptions.MinecraftClientHttpException.toAuthenticationException(MinecraftClientHttpException.java:56) ~[authlib-3.2.38.jar:?]
	at com.mojang.authlib.yggdrasil.YggdrasilUserApiService.fetchProperties(YggdrasilUserApiService.java:132) ~[authlib-3.2.38.jar:?]
	at com.mojang.authlib.yggdrasil.YggdrasilUserApiService.<init>(YggdrasilUserApiService.java:44) ~[authlib-3.2.38.jar:?]
	at com.mojang.authlib.yggdrasil.YggdrasilAuthenticationService.createUserApiService(YggdrasilAuthenticationService.java:153) ~[authlib-3.2.38.jar:?]
	at net.minecraft.client.Minecraft.createUserApiService(Minecraft.java:634) [main/:?]
	at net.minecraft.client.Minecraft.<init>(Minecraft.java:405) [main/:?]
	at net.minecraft.client.main.Main.main(Main.java:189) [main/:?]
Caused by: com.mojang.authlib.exceptions.MinecraftClientHttpException: Status: 401
	at com.mojang.authlib.minecraft.client.MinecraftClient.readInputStream(MinecraftClient.java:78) ~[authlib-3.2.38.jar:?]
	at com.mojang.authlib.minecraft.client.MinecraftClient.get(MinecraftClient.java:48) ~[authlib-3.2.38.jar:?]
	at com.mojang.authlib.yggdrasil.YggdrasilUserApiService.fetchProperties(YggdrasilUserApiService.java:113) ~[authlib-3.2.38.jar:?]
	... 5 more
[14:57:25] [Render thread/INFO]: Setting user: Player525
[14:57:25] [Render thread/INFO]: [OptiFine] (Reflector) Class not present: net.minecraftforge.client.settings.KeyConflictContext
[14:57:25] [Render thread/INFO]: [OptiFine] (Reflector) Method not present: net.minecraft.client.KeyMapping.getKeyModifier
[14:57:25] [Render thread/INFO]: [OptiFine] (Reflector) Class not present: net.minecraftforge.client.settings.KeyModifier
[14:57:25] [Render thread/INFO]: [OptiFine] (Reflector) Class not present: net.minecraft.launchwrapper.Launch
[14:57:25] [Render thread/INFO]: Backend library: LWJGL version 3.2.2 build 10
[14:57:26] [Render thread/INFO]: [OptiFine] (Reflector) Method not present: net.minecraftforge.fml.loading.progress.EarlyProgressVisualization.handOffWindow
[14:57:27] [Render thread/INFO]: [OptiFine] 
[14:57:27] [Render thread/INFO]: [OptiFine] OptiFine_1.18.1_HD_U_H5_pre4
[14:57:27] [Render thread/INFO]: [OptiFine] (Reflector) Class not present: optifine.OptiFineResourceLocator
[14:57:27] [Render thread/INFO]: [OptiFine] Build: null
[14:57:27] [Render thread/INFO]: [OptiFine] OS: Windows 10 (amd64) version 10.0
[14:57:27] [Render thread/INFO]: [OptiFine] Java: 17.0.2, Oracle Corporation
[14:57:27] [Render thread/INFO]: [OptiFine] VM: OpenJDK 64-Bit Server VM (mixed mode, sharing), Oracle Corporation
[14:57:27] [Render thread/INFO]: [OptiFine] LWJGL: 3.3.0 Win32 WGL EGL OSMesa VisualC DLL
[14:57:27] [Render thread/INFO]: [OptiFine] OpenGL: NVIDIA GeForce GTX 760/PCIe/SSE2, version 3.2.0 NVIDIA 472.12, NVIDIA Corporation
[14:57:27] [Render thread/INFO]: [OptiFine] OpenGL Version: 3.2.0
[14:57:27] [Render thread/INFO]: [OptiFine] Maximum texture size: 16384x16384
[14:57:27] [VersionCheck/INFO]: [OptiFine] Checking for new version
[14:57:27] [Render thread/INFO]: [Shaders] OpenGL Version: 3.2.0 NVIDIA 472.12
[14:57:27] [Render thread/INFO]: [Shaders] Vendor:  NVIDIA Corporation
[14:57:27] [Render thread/INFO]: [Shaders] Renderer: NVIDIA GeForce GTX 760/PCIe/SSE2
[14:57:27] [Render thread/INFO]: [Shaders] Capabilities:  2.0  2.1  3.0  3.2  - 
[14:57:27] [Render thread/INFO]: [Shaders] GL_MAX_DRAW_BUFFERS: 8
[14:57:27] [Render thread/INFO]: [Shaders] GL_MAX_COLOR_ATTACHMENTS: 8
[14:57:27] [Render thread/INFO]: [Shaders] GL_MAX_TEXTURE_IMAGE_UNITS: 32
[14:57:27] [Render thread/INFO]: [Shaders] Load shaders configuration.
[14:57:27] [Render thread/INFO]: [Shaders] No shaderpack loaded.
[14:57:27] [Render thread/INFO]: [OptiFine] (Reflector) Class not present: net.minecraftforge.fml.ModList
[14:57:27] [Render thread/WARN]: [OptiFine] (Reflector) java.lang.ClassNotFoundException: sun.misc.SharedSecrets
[14:57:27] [Render thread/WARN]: [OptiFine] (Reflector) java.lang.ClassNotFoundException: jdk.internal.misc.SharedSecrets
[14:57:27] [Render thread/WARN]: [OptiFine] (Reflector) java.lang.ClassNotFoundException: sun.misc.VM
[14:57:27] [Render thread/WARN]: [OptiFine] (Reflector) java.lang.reflect.InaccessibleObjectException: Unable to make public static long jdk.internal.misc.VM.maxDirectMemory() accessible: module java.base does not "exports jdk.internal.misc" to unnamed module @74294adb
[14:57:27] [Render thread/INFO]: [OptiFine] (Reflector) Class not present: net.minecraftforge.client.ItemModelMesherForge
[14:57:27] [Render thread/INFO]: [OptiFine] (Reflector) Class not present: net.minecraftforge.client.model.pipeline.ForgeBlockModelRenderer
[14:57:27] [VersionCheck/INFO]: [OptiFine] Version found: H5
[14:57:28] [Render thread/INFO]: Narrator library for x64 successfully loaded
[14:57:28] [Render thread/INFO]: Reloading ResourceManager: Default, Programmer Art
[14:57:28] [Render thread/INFO]: [OptiFine] *** Reloading textures ***
[14:57:28] [Render thread/INFO]: [OptiFine] Resource packs: Programmer Art
[14:57:28] [Worker-Main-16/INFO]: [OptiFine] (Reflector) Class not present: net.minecraftforge.client.model.ModelLoaderRegistry
[14:57:28] [Worker-Main-18/INFO]: [OptiFine] Multitexture: false
[14:57:28] [Worker-Main-20/INFO]: [OptiFine] Multitexture: false
[14:57:28] [Worker-Main-22/INFO]: [OptiFine] Multitexture: false
[14:57:28] [Worker-Main-13/WARN]: Unable to read definition 'minecraft:default' in fonts.json in resourcepack: 'Default': minecraft:textures/misc/hunger_full.png
[14:57:28] [Worker-Main-13/WARN]: Unable to read definition 'minecraft:default' in fonts.json in resourcepack: 'Default': minecraft:textures/misc/hunger_half.png
[14:57:28] [Render thread/INFO]: [OptiFine] (Reflector) Class not present: net.minecraftforge.client.gui.ModListScreen
[14:57:28] [Render thread/INFO]: [OptiFine] (Reflector) Class not present: net.minecraftforge.client.gui.NotificationModUpdateScreen
[14:57:28] [Render thread/INFO]: [OptiFine] (Reflector) Method not present: net.minecraft.client.renderer.ItemBlockRenderTypes.canRenderInLayer
[14:57:28] [Render thread/INFO]: [OptiFine] *** Reflector Forge ***
[14:57:28] [Render thread/INFO]: [OptiFine] (Reflector) Class not present: mods.betterfoliage.client.BetterFoliageClient
[14:57:28] [Render thread/INFO]: [OptiFine] (Reflector) Class not present: net.minecraftforge.internal.BrandingControl
[14:57:28] [Render thread/INFO]: [OptiFine] (Reflector) Class not present: net.minecraftforge.common.capabilities.ICapabilityProvider
[14:57:28] [Render thread/INFO]: [OptiFine] (Reflector) Class not present: net.minecraftforge.common.capabilities.CapabilityProvider
[14:57:28] [Render thread/INFO]: [OptiFine] (Reflector) Class not present: net.minecraftforge.client.loading.ClientModLoader
[14:57:28] [Render thread/INFO]: [OptiFine] (Reflector) Class not present: net.minecraftforge.event.world.ChunkDataEvent$Save
[14:57:28] [Render thread/INFO]: [OptiFine] (Reflector) Class not present: net.minecraftforge.event.world.ChunkEvent$Load
[14:57:28] [Render thread/INFO]: [OptiFine] (Reflector) Class not present: net.minecraftforge.event.world.ChunkEvent$Unload
[14:57:28] [Render thread/INFO]: [OptiFine] (Reflector) Class not present: net.minecraftforge.client.event.EntityRenderersEvent$AddLayers
[14:57:28] [Render thread/INFO]: [OptiFine] (Reflector) Class not present: net.minecraftforge.event.entity.EntityLeaveWorldEvent
[14:57:28] [Render thread/INFO]: [OptiFine] (Reflector) Class not present: net.minecraftforge.client.event.EntityViewRenderEvent$CameraSetup
[14:57:28] [Render thread/INFO]: [OptiFine] (Reflector) Class not present: net.minecraftforge.client.event.EntityViewRenderEvent$FogColors
[14:57:28] [Render thread/INFO]: [OptiFine] (Reflector) Class not present: net.minecraftforge.client.event.EntityViewRenderEvent$RenderFogEvent
[14:57:28] [Render thread/INFO]: [OptiFine] (Reflector) Class not present: net.minecraftforge.event.entity.EntityJoinWorldEvent
[14:57:28] [Render thread/INFO]: [OptiFine] (Reflector) Method not present: net.minecraftforge.eventbus.api.Event.isCanceled
[14:57:28] [Render thread/INFO]: [OptiFine] (Reflector) Method not present: net.minecraftforge.eventbus.api.Event.getResult
[14:57:28] [Render thread/INFO]: [OptiFine] (Reflector) Class not present: net.minecraftforge.eventbus.api.IEventBus
[14:57:28] [Render thread/INFO]: [OptiFine] (Reflector) Class not present: net.minecraftforge.common.extensions.IForgeBlock
[14:57:28] [Render thread/INFO]: [OptiFine] (Reflector) Method not present: net.minecraft.client.renderer.block.BlockModelShaper.getTexture
[14:57:28] [Render thread/INFO]: [OptiFine] (Reflector) Method not present: net.minecraftforge.common.extensions.IForgeBlockState.getLightEmission
[14:57:28] [Render thread/INFO]: [OptiFine] (Reflector) Method not present: net.minecraftforge.common.extensions.IForgeBlockState.getSoundType
[14:57:28] [Render thread/INFO]: [OptiFine] (Reflector) Method not present: net.minecraftforge.common.extensions.IForgeBlockState.getStateAtViewpoint
[14:57:28] [Render thread/INFO]: [OptiFine] (Reflector) Method not present: net.minecraftforge.common.extensions.IForgeBlockState.shouldDisplayFluidOverlay
[14:57:28] [Render thread/INFO]: [OptiFine] (Reflector) Class not present: net.minecraftforge.common.extensions.IForgeFluid
[14:57:28] [Render thread/INFO]: [OptiFine] (Reflector) Class not present: net.minecraftforge.fluids.FluidAttributes
[14:57:28] [Render thread/INFO]: [OptiFine] (Reflector) Field not present: net.minecraft.server.level.ChunkHolder.currentlyLoading
[14:57:28] [Render thread/INFO]: [OptiFine] (Reflector) Method not present: net.minecraft.world.entity.EntityType.getTags
[14:57:28] [Render thread/INFO]: [OptiFine] (Reflector) Class not present: net.minecraftforge.event.ForgeEventFactory
[14:57:28] [Render thread/INFO]: [OptiFine] (Reflector) Method not present: net.minecraft.world.level.material.Fluid.getTags
[14:57:28] [Render thread/INFO]: [OptiFine] (Reflector) Class not present: net.minecraftforge.common.ForgeHooks
[14:57:28] [Render thread/INFO]: [OptiFine] (Reflector) Class not present: net.minecraftforge.common.ForgeConfig
[14:57:28] [Render thread/INFO]: [OptiFine] (Reflector) Class not present: net.minecraftforge.common.ForgeConfig$Client
[14:57:28] [Render thread/INFO]: [OptiFine] (Reflector) Class not present: net.minecraftforge.common.ForgeConfigSpec
[14:57:28] [Render thread/INFO]: [OptiFine] (Reflector) Class not present: net.minecraftforge.common.ForgeConfigSpec$ConfigValue
[14:57:29] [Render thread/INFO]: [OptiFine] (Reflector) Method not present: net.minecraft.world.level.chunk.ChunkAccess.getWorldForge
[14:57:29] [Render thread/INFO]: [OptiFine] (Reflector) Class not present: net.minecraftforge.common.extensions.IForgeItem
[14:57:29] [Render thread/INFO]: [OptiFine] (Reflector) Class not present: net.minecraftforge.common.extensions.IForgeItemStack
[14:57:29] [Render thread/INFO]: [OptiFine] (Reflector) Class not present: net.minecraftforge.common.ForgeI18n
[14:57:29] [Render thread/INFO]: [OptiFine] (Reflector) Method not present: net.minecraft.client.KeyMapping.setKeyConflictContext
[14:57:29] [Render thread/INFO]: [OptiFine] (Reflector) Method not present: net.minecraft.client.KeyMapping.setKeyModifierAndCode
[14:57:29] [Render thread/INFO]: [OptiFine] (Reflector) Class not present: net.minecraftforge.registries.ForgeRegistryEntry
[14:57:29] [Render thread/INFO]: [OptiFine] (Reflector) Method not present: net.minecraft.client.renderer.ItemBlockRenderTypes.canRenderInLayer
[14:57:29] [Render thread/INFO]: [OptiFine] (Reflector) Constructor not present: net.minecraft.server.level.Ticket, params: class net.minecraft.server.level.TicketType, int, class java.lang.Object, boolean
[14:57:29] [Render thread/INFO]: [OptiFine] (Reflector) Method not present: net.minecraft.server.level.Ticket.isForceTicks
[14:57:29] [Render thread/INFO]: [OptiFine] (Reflector) Class not present: net.minecraftforge.common.extensions.IForgeBlockEntity
[14:57:29] [Render thread/INFO]: [OptiFine] (Reflector) Method not present: net.minecraft.client.renderer.DimensionSpecialEffects.getCloudRenderHandler
[14:57:29] [Render thread/INFO]: [OptiFine] (Reflector) Method not present: net.minecraft.client.renderer.DimensionSpecialEffects.getSkyRenderHandler
[14:57:29] [Render thread/INFO]: [OptiFine] (Reflector) Method not present: net.minecraft.client.renderer.DimensionSpecialEffects.getWeatherParticleRenderHandler
[14:57:29] [Render thread/INFO]: [OptiFine] (Reflector) Method not present: net.minecraft.client.renderer.DimensionSpecialEffects.getWeatherRenderHandler
[14:57:29] [Render thread/INFO]: [OptiFine] (Reflector) Class not present: net.minecraftforge.client.model.pipeline.LightUtil
[14:57:29] [Render thread/INFO]: [OptiFine] (Reflector) Class not present: net.minecraftforge.common.MinecraftForge
[14:57:29] [Render thread/INFO]: [OptiFine] (Reflector) Class not present: net.minecraftforge.client.MinecraftForgeClient
[14:57:29] [Render thread/INFO]: [OptiFine] (Reflector) Class not present: net.minecraftforge.fml.ModContainer
[14:57:29] [Render thread/INFO]: [OptiFine] (Reflector) Class not present: net.minecraftforge.fml.ModLoader
[14:57:29] [Render thread/INFO]: [OptiFine] (Reflector) Class not present: net.minecraftforge.entity.PartEntity
[14:57:29] [Render thread/INFO]: [OptiFine] (Reflector) Class not present: net.minecraftforge.event.entity.PlaySoundAtEntityEvent
[14:57:29] [Render thread/INFO]: [OptiFine] (Reflector) Class not present: net.minecraftforge.client.event.RegisterShadersEvent
[14:57:29] [Render thread/INFO]: [OptiFine] (Reflector) Class not present: net.minecraftforge.client.event.RenderBlockOverlayEvent$OverlayType
[14:57:29] [Render thread/INFO]: [OptiFine] (Reflector) Class not present: net.minecraftforge.client.event.RenderGameOverlayEvent$BossInfo
[14:57:29] [Render thread/INFO]: [OptiFine] (Reflector) Class not present: net.minecraftforge.client.event.RenderItemInFrameEvent
[14:57:29] [Render thread/INFO]: [OptiFine] (Reflector) Class not present: net.minecraftforge.client.event.RenderLivingEvent$Pre
[14:57:29] [Render thread/INFO]: [OptiFine] (Reflector) Class not present: net.minecraftforge.client.event.RenderLivingEvent$Post
[14:57:29] [Render thread/INFO]: [OptiFine] (Reflector) Class not present: net.minecraftforge.client.event.RenderNameplateEvent
[14:57:29] [Render thread/INFO]: [OptiFine] (Reflector) Method not present: net.minecraftforge.client.RenderProperties.getEffectRenderer
[14:57:29] [Render thread/INFO]: [OptiFine] (Reflector) Method not present: net.minecraftforge.client.RenderProperties.getEffectRenderer
[14:57:29] [Render thread/INFO]: [OptiFine] (Reflector) Class not present: net.minecraftforge.client.event.ScreenshotEvent
[14:57:29] [Render thread/INFO]: [OptiFine] (Reflector) Class not present: net.minecraftforge.server.ServerLifecycleHooks
[14:57:29] [Render thread/INFO]: [OptiFine] (Reflector) Method not present: net.minecraft.client.particle.TerrainParticle.updateSprite
[14:57:29] [Render thread/INFO]: [OptiFine] (Reflector) Class not present: net.minecraftforge.event.world.WorldEvent$Load
[14:57:29] [Render thread/INFO]: [OptiFine] *** Reflector Vanilla ***
[14:57:29] [Realms Notification Availability checker #1/INFO]: Could not authorize you against Realms server: Invalid session id
[14:57:30] [RPC-Callback-Handler/INFO]: [STDOUT]: Discord RPC - Ready!
[14:57:34] [Worker-Main-16/INFO]: [OptiFine] Multitexture: false
[14:57:34] [Worker-Main-16/INFO]: [OptiFine] Multipass connected textures: false
[14:57:34] [Worker-Main-16/INFO]: [OptiFine] ConnectedTextures: optifine/ctm/default/21_tinted_glass/tinted_glass.properties
[14:57:35] [Worker-Main-16/INFO]: [OptiFine] ConnectedTextures: optifine/ctm/default/programmer_art/00_glass_white/glass_pane_white.properties
[14:57:35] [Worker-Main-16/INFO]: [OptiFine] ConnectedTextures: optifine/ctm/default/programmer_art/00_glass_white/glass_white.properties
[14:57:35] [Worker-Main-16/INFO]: [OptiFine] ConnectedTextures: optifine/ctm/default/programmer_art/01_glass_orange/glass_orange.properties
[14:57:35] [Worker-Main-16/INFO]: [OptiFine] ConnectedTextures: optifine/ctm/default/programmer_art/01_glass_orange/glass_pane_orange.properties
[14:57:35] [Worker-Main-16/INFO]: [OptiFine] ConnectedTextures: optifine/ctm/default/programmer_art/02_glass_magenta/glass_magenta.properties
[14:57:35] [Worker-Main-16/INFO]: [OptiFine] ConnectedTextures: optifine/ctm/default/programmer_art/02_glass_magenta/glass_pane_magenta.properties
[14:57:35] [Worker-Main-16/INFO]: [OptiFine] ConnectedTextures: optifine/ctm/default/programmer_art/03_glass_light_blue/glass_light_blue.properties
[14:57:35] [Worker-Main-16/INFO]: [OptiFine] ConnectedTextures: optifine/ctm/default/programmer_art/03_glass_light_blue/glass_pane_light_blue.properties
[14:57:35] [Worker-Main-16/INFO]: [OptiFine] ConnectedTextures: optifine/ctm/default/programmer_art/04_glass_yellow/glass_pane_yellow.properties
[14:57:35] [Worker-Main-16/INFO]: [OptiFine] ConnectedTextures: optifine/ctm/default/programmer_art/04_glass_yellow/glass_yellow.properties
[14:57:35] [Worker-Main-16/INFO]: [OptiFine] ConnectedTextures: optifine/ctm/default/programmer_art/05_glass_lime/glass_lime.properties
[14:57:35] [Worker-Main-16/INFO]: [OptiFine] ConnectedTextures: optifine/ctm/default/programmer_art/05_glass_lime/glass_pane_lime.properties
[14:57:35] [Worker-Main-16/INFO]: [OptiFine] ConnectedTextures: optifine/ctm/default/programmer_art/06_glass_pink/glass_pane_pink.properties
[14:57:35] [Worker-Main-16/INFO]: [OptiFine] ConnectedTextures: optifine/ctm/default/programmer_art/06_glass_pink/glass_pink.properties
[14:57:35] [Worker-Main-16/INFO]: [OptiFine] ConnectedTextures: optifine/ctm/default/programmer_art/07_glass_gray/glass_gray.properties
[14:57:35] [Worker-Main-16/INFO]: [OptiFine] ConnectedTextures: optifine/ctm/default/programmer_art/07_glass_gray/glass_pane_gray.properties
[14:57:35] [Worker-Main-16/INFO]: [OptiFine] ConnectedTextures: optifine/ctm/default/programmer_art/08_glass_light_gray/glass_light_gray.properties
[14:57:35] [Worker-Main-16/INFO]: [OptiFine] ConnectedTextures: optifine/ctm/default/programmer_art/08_glass_light_gray/glass_pane_light_gray.properties
[14:57:35] [Worker-Main-16/INFO]: [OptiFine] ConnectedTextures: optifine/ctm/default/programmer_art/09_glass_cyan/glass_cyan.properties
[14:57:35] [Worker-Main-16/INFO]: [OptiFine] ConnectedTextures: optifine/ctm/default/programmer_art/09_glass_cyan/glass_pane_cyan.properties
[14:57:35] [Worker-Main-16/INFO]: [OptiFine] ConnectedTextures: optifine/ctm/default/programmer_art/10_glass_purple/glass_pane_purple.properties
[14:57:35] [Worker-Main-16/INFO]: [OptiFine] ConnectedTextures: optifine/ctm/default/programmer_art/10_glass_purple/glass_purple.properties
[14:57:35] [Worker-Main-16/INFO]: [OptiFine] ConnectedTextures: optifine/ctm/default/programmer_art/11_glass_blue/glass_blue.properties
[14:57:35] [Worker-Main-16/INFO]: [OptiFine] ConnectedTextures: optifine/ctm/default/programmer_art/11_glass_blue/glass_pane_blue.properties
[14:57:35] [Worker-Main-16/INFO]: [OptiFine] ConnectedTextures: optifine/ctm/default/programmer_art/12_glass_brown/glass_brown.properties
[14:57:35] [Worker-Main-16/INFO]: [OptiFine] ConnectedTextures: optifine/ctm/default/programmer_art/12_glass_brown/glass_pane_brown.properties
[14:57:35] [Worker-Main-16/INFO]: [OptiFine] ConnectedTextures: optifine/ctm/default/programmer_art/13_glass_green/glass_green.properties
[14:57:35] [Worker-Main-16/INFO]: [OptiFine] ConnectedTextures: optifine/ctm/default/programmer_art/13_glass_green/glass_pane_green.properties
[14:57:35] [Worker-Main-16/INFO]: [OptiFine] ConnectedTextures: optifine/ctm/default/programmer_art/14_glass_red/glass_pane_red.properties
[14:57:35] [Worker-Main-16/INFO]: [OptiFine] ConnectedTextures: optifine/ctm/default/programmer_art/14_glass_red/glass_red.properties
[14:57:35] [Worker-Main-16/INFO]: [OptiFine] ConnectedTextures: optifine/ctm/default/programmer_art/15_glass_black/glass_black.properties
[14:57:35] [Worker-Main-16/INFO]: [OptiFine] ConnectedTextures: optifine/ctm/default/programmer_art/15_glass_black/glass_pane_black.properties
[14:57:35] [Worker-Main-16/INFO]: [OptiFine] ConnectedTextures: optifine/ctm/default/programmer_art/20_glass/glass.properties
[14:57:35] [Worker-Main-16/INFO]: [OptiFine] ConnectedTextures: optifine/ctm/default/programmer_art/20_glass/glass_pane.properties
[14:57:35] [Worker-Main-16/INFO]: [OptiFine] ConnectedTextures: optifine/ctm/default/programmer_art/30_bookshelf/bookshelf.properties
[14:57:35] [Worker-Main-16/INFO]: [OptiFine] ConnectedTextures: optifine/ctm/default/programmer_art/40_sandstone/sandstone.properties
[14:57:35] [Worker-Main-16/INFO]: [OptiFine] ConnectedTextures: optifine/ctm/default/programmer_art/41_red_sandstone/red_sandstone.properties
[14:57:35] [Worker-Main-16/INFO]: [OptiFine] Multipass connected textures: false
[14:57:35] [Worker-Main-16/INFO]: [OptiFine] BetterGrass: Parsing default configuration optifine/bettergrass.properties
[14:57:42] [Worker-Main-16/INFO]: [OptiFine] Mipmap levels: 4
[14:57:43] [Worker-Main-16/INFO]: [OptiFine] Multitexture: false
[14:57:43] [Worker-Main-16/INFO]: [OptiFine] Sprite size: 64
[14:57:43] [Worker-Main-16/INFO]: [OptiFine] Mipmap levels: 6
[14:57:43] [Worker-Main-16/WARN]: Unused frames in sprite minecraft:missingno: [1, 2, 3, 4, 5, 6, 7, 8, 9, 10, 11, 12, 13, 14, 15]
[14:57:43] [Worker-Main-16/INFO]: [OptiFine] Multitexture: false
[14:57:43] [Worker-Main-16/INFO]: [OptiFine] Sprite size: 64
[14:57:43] [Worker-Main-16/INFO]: [OptiFine] Mipmap levels: 6
[14:57:43] [Worker-Main-16/WARN]: Unused frames in sprite minecraft:missingno: [1, 2, 3, 4, 5, 6, 7, 8, 9, 10, 11, 12, 13, 14, 15]
[14:57:43] [Worker-Main-16/INFO]: [OptiFine] Multitexture: false
[14:57:43] [Worker-Main-16/INFO]: [OptiFine] Sprite size: 64
[14:57:43] [Worker-Main-16/INFO]: [OptiFine] Mipmap levels: 6
[14:57:43] [Worker-Main-16/WARN]: Unused frames in sprite minecraft:missingno: [1, 2, 3, 4, 5, 6, 7, 8, 9, 10, 11, 12, 13, 14, 15]
[14:57:43] [Worker-Main-16/INFO]: [OptiFine] Multitexture: false
[14:57:43] [Worker-Main-16/INFO]: [OptiFine] Sprite size: 64
[14:57:43] [Worker-Main-16/INFO]: [OptiFine] Mipmap levels: 6
[14:57:43] [Worker-Main-16/WARN]: Unused frames in sprite minecraft:missingno: [1, 2, 3, 4, 5, 6, 7, 8, 9, 10, 11, 12, 13, 14, 15]
[14:57:43] [Worker-Main-16/INFO]: [OptiFine] Multitexture: false
[14:57:43] [Worker-Main-16/INFO]: [OptiFine] Sprite size: 64
[14:57:43] [Worker-Main-16/INFO]: [OptiFine] Mipmap levels: 6
[14:57:43] [Worker-Main-16/WARN]: Unused frames in sprite minecraft:missingno: [1, 2, 3, 4, 5, 6, 7, 8, 9, 10, 11, 12, 13, 14, 15]
[14:57:43] [Worker-Main-16/INFO]: [OptiFine] Multitexture: false
[14:57:43] [Worker-Main-16/INFO]: [OptiFine] Sprite size: 64
[14:57:43] [Worker-Main-16/INFO]: [OptiFine] Mipmap levels: 6
[14:57:43] [Worker-Main-16/WARN]: Unused frames in sprite minecraft:missingno: [1, 2, 3, 4, 5, 6, 7, 8, 9, 10, 11, 12, 13, 14, 15]
[14:57:43] [Render thread/INFO]: OpenAL initialized on device OpenAL Soft on Chat Sound (3- Teufel Gaming Headset)
[14:57:43] [Render thread/INFO]: Sound engine started
[14:57:44] [Render thread/INFO]: Created: 1024x1024x4 minecraft:textures/atlas/blocks.png-atlas
[14:57:44] [Render thread/INFO]: [OptiFine] Animated sprites: 45
[14:57:44] [Render thread/INFO]: Created: 256x128x4 minecraft:textures/atlas/signs.png-atlas
[14:57:44] [Render thread/INFO]: [OptiFine] Animated sprites: 0
[14:57:44] [Render thread/INFO]: Created: 512x512x4 minecraft:textures/atlas/banner_patterns.png-atlas
[14:57:44] [Render thread/INFO]: [OptiFine] Animated sprites: 0
[14:57:44] [Render thread/INFO]: Created: 512x512x4 minecraft:textures/atlas/shield_patterns.png-atlas
[14:57:44] [Render thread/INFO]: [OptiFine] Animated sprites: 0
[14:57:44] [Render thread/INFO]: Created: 256x256x4 minecraft:textures/atlas/chest.png-atlas
[14:57:44] [Render thread/INFO]: [OptiFine] Animated sprites: 0
[14:57:44] [Render thread/INFO]: Created: 512x256x4 minecraft:textures/atlas/beds.png-atlas
[14:57:44] [Render thread/INFO]: [OptiFine] Animated sprites: 0
[14:57:44] [Render thread/INFO]: Created: 512x256x4 minecraft:textures/atlas/shulker_boxes.png-atlas
[14:57:44] [Render thread/INFO]: [OptiFine] Animated sprites: 0
[14:57:45] [Render thread/INFO]: Created: 256x256x0 minecraft:textures/atlas/particles.png-atlas
[14:57:45] [Render thread/INFO]: [OptiFine] Animated sprites: 1
[14:57:45] [Render thread/INFO]: Created: 256x256x0 minecraft:textures/atlas/paintings.png-atlas
[14:57:45] [Render thread/INFO]: [OptiFine] Animated sprites: 0
[14:57:45] [Render thread/INFO]: Created: 128x128x0 minecraft:textures/atlas/mob_effects.png-atlas
[14:57:45] [Render thread/INFO]: [OptiFine] Animated sprites: 0
[14:57:45] [Render thread/INFO]: [OptiFine] *** Reloading custom textures ***
[14:57:49] [Render thread/INFO]: [OptiFine] Disable Forge light pipeline
